<?xml version="1.0" encoding="UTF-8"?>
<!-- Generated by org.testng.reporters.JUnitXMLReporter -->
<testsuite hostname="Prabus-MacBook-Pro.local" name="Default test" tests="3" failures="0" timestamp="14 Oct 2020 15:18:24 GMT" time="17.536" errors="0">
  <testcase name="Test1" time="3.433" classname="SeleniumFirstTestCase.test1"/>
  <testcase name="Test2" time="5.405" classname="SeleniumFirstTestCase.test1"/>
  <testcase name="Test3" time="4.406" classname="SeleniumFirstTestCase.test1"/>
</testsuite> <!-- Default test -->
