<?xml version="1.0" encoding="UTF-8"?>
<testng-results skipped="0" failed="0" total="1" passed="1">
  <reporter-output>
  </reporter-output>
  <suite name="Testing Google Apps" duration-ms="29654" started-at="2020-10-13T13:35:35Z" finished-at="2020-10-13T13:36:05Z">
    <groups>
    </groups>
    <test name="Regression" duration-ms="29654" started-at="2020-10-13T13:35:35Z" finished-at="2020-10-13T13:36:05Z">
      <class name="SeleniumFirstTestCase.test1">
        <test-method status="PASS" signature="beforeTest()[pri:0, instance:SeleniumFirstTestCase.test1@7a5d012c]" name="beforeTest" is-config="true" duration-ms="1842" started-at="2020-10-13T19:05:35Z" finished-at="2020-10-13T19:05:37Z">
          <reporter-output>
          </reporter-output>
        </test-method> <!-- beforeTest -->
        <test-method status="PASS" signature="firstTestCase()[pri:0, instance:SeleniumFirstTestCase.test1@7a5d012c]" name="firstTestCase" duration-ms="27591" started-at="2020-10-13T19:05:37Z" finished-at="2020-10-13T19:06:05Z">
          <reporter-output>
          </reporter-output>
        </test-method> <!-- firstTestCase -->
        <test-method status="PASS" signature="afterTest()[pri:0, instance:SeleniumFirstTestCase.test1@7a5d012c]" name="afterTest" is-config="true" duration-ms="212" started-at="2020-10-13T19:06:05Z" finished-at="2020-10-13T19:06:05Z">
          <reporter-output>
          </reporter-output>
        </test-method> <!-- afterTest -->
      </class> <!-- SeleniumFirstTestCase.test1 -->
    </test> <!-- Regression -->
  </suite> <!-- Testing Google Apps -->
</testng-results>
