<?xml version="1.0" encoding="UTF-8"?>
<testng-results skipped="0" failed="0" total="3" passed="3">
  <reporter-output>
  </reporter-output>
  <suite name="Default suite" duration-ms="17536" started-at="2020-10-14T15:18:07Z" finished-at="2020-10-14T15:18:24Z">
    <groups>
    </groups>
    <test name="Default test" duration-ms="17536" started-at="2020-10-14T15:18:07Z" finished-at="2020-10-14T15:18:24Z">
      <class name="SeleniumFirstTestCase.test1">
        <test-method status="PASS" signature="beforeTest()[pri:0, instance:SeleniumFirstTestCase.test1@67e2d983]" name="beforeTest" is-config="true" duration-ms="3613" started-at="2020-10-14T20:48:07Z" finished-at="2020-10-14T20:48:10Z">
          <reporter-output>
          </reporter-output>
        </test-method> <!-- beforeTest -->
        <test-method status="PASS" signature="Test1()[pri:0, instance:SeleniumFirstTestCase.test1@67e2d983]" name="Test1" duration-ms="3433" started-at="2020-10-14T20:48:10Z" finished-at="2020-10-14T20:48:14Z">
          <reporter-output>
          </reporter-output>
        </test-method> <!-- Test1 -->
        <test-method status="PASS" signature="Test2()[pri:0, instance:SeleniumFirstTestCase.test1@67e2d983]" name="Test2" duration-ms="5405" started-at="2020-10-14T20:48:14Z" finished-at="2020-10-14T20:48:19Z">
          <reporter-output>
          </reporter-output>
        </test-method> <!-- Test2 -->
        <test-method status="PASS" signature="Test3()[pri:0, instance:SeleniumFirstTestCase.test1@67e2d983]" name="Test3" duration-ms="4406" started-at="2020-10-14T20:48:19Z" finished-at="2020-10-14T20:48:24Z">
          <reporter-output>
          </reporter-output>
        </test-method> <!-- Test3 -->
        <test-method status="PASS" signature="afterTest()[pri:0, instance:SeleniumFirstTestCase.test1@67e2d983]" name="afterTest" is-config="true" duration-ms="668" started-at="2020-10-14T20:48:24Z" finished-at="2020-10-14T20:48:24Z">
          <reporter-output>
          </reporter-output>
        </test-method> <!-- afterTest -->
      </class> <!-- SeleniumFirstTestCase.test1 -->
    </test> <!-- Default test -->
  </suite> <!-- Default suite -->
</testng-results>
