<?xml version="1.0" encoding="UTF-8"?>
<testng-results skipped="0" failed="0" total="1" passed="1">
  <reporter-output>
  </reporter-output>
  <suite name="Default suite" duration-ms="34927" started-at="2020-10-13T12:53:37Z" finished-at="2020-10-13T12:54:12Z">
    <groups>
    </groups>
    <test name="Default test" duration-ms="34927" started-at="2020-10-13T12:53:37Z" finished-at="2020-10-13T12:54:12Z">
      <class name="SeleniumFirstTestCase.test1">
        <test-method status="PASS" signature="beforeTest()[pri:0, instance:SeleniumFirstTestCase.test1@67e2d983]" name="beforeTest" is-config="true" duration-ms="2573" started-at="2020-10-13T18:23:37Z" finished-at="2020-10-13T18:23:40Z">
          <reporter-output>
          </reporter-output>
        </test-method> <!-- beforeTest -->
        <test-method status="PASS" signature="firstTestCase()[pri:0, instance:SeleniumFirstTestCase.test1@67e2d983]" name="firstTestCase" duration-ms="32043" started-at="2020-10-13T18:23:40Z" finished-at="2020-10-13T18:24:12Z">
          <reporter-output>
          </reporter-output>
        </test-method> <!-- firstTestCase -->
        <test-method status="PASS" signature="afterTest()[pri:0, instance:SeleniumFirstTestCase.test1@67e2d983]" name="afterTest" is-config="true" duration-ms="300" started-at="2020-10-13T18:24:12Z" finished-at="2020-10-13T18:24:12Z">
          <reporter-output>
          </reporter-output>
        </test-method> <!-- afterTest -->
      </class> <!-- SeleniumFirstTestCase.test1 -->
    </test> <!-- Default test -->
  </suite> <!-- Default suite -->
</testng-results>
